Test project /home/blubridge-029/Downloads/cgad/cgadimpl_/cgadimpl/build
      Start  1: test_ag
 1/31 Test  #1: test_ag ..........................   Passed    0.37 sec
      Start  2: test_mlp
 2/31 Test  #2: test_mlp .........................   Passed    0.02 sec
      Start  3: test_complex_mlp
 3/31 Test  #3: test_complex_mlp .................   Passed    0.02 sec
      Start  4: test_tiny_handcalc
 4/31 Test  #4: test_tiny_handcalc ...............   Passed    0.00 sec
      Start  5: test_graph_compile
 5/31 Test  #5: test_graph_compile ...............   Passed    0.01 sec
      Start  6: ag_core_test
 6/31 Test  #6: ag_core_test .....................   Passed    0.30 sec
      Start  7: test_checkpoint
 7/31 Test  #7: test_checkpoint ..................   Passed   68.24 sec
      Start  8: test_checkpoint_advanced
 8/31 Test  #8: test_checkpoint_advanced .........***Exception: SegFault  1.07 sec
==================================================
      Advanced Checkpointing Test Suite           
==================================================
[Test] Numerical Parity... ]
]

      Start  9: test_inplace
 9/31 Test  #9: test_inplace .....................Subprocess aborted***Exception:   1.07 sec
==== AUTODIFF CHECKPOINTING + INPLACE TEST SUITE ====

=================== Gradient Checkpointing ===================
]
]
]
Gradient checkpointing basic test passed.

=================== In-Place Checkpointing ===================
[inplace] ensure enter node@0x5b4b9c6972d0
[inplace] node@0x5b4b9c6972d0 already has value
In-place checkpoint restore test passed.

=================== Versioning System ===================
Versions: v0=0 v1=1 v2=2 v3=3
PASS: Versioning system test passed.

=================== Alias Tracking ===================
Alias tracking consistency test passed.

=================== Combined System Test ===================
]
]
]
[inplace] ensure enter node@0x5b4b9c698020
[inplace] node@0x5b4b9c698020 already has value
test_inplace: /home/blubridge-029/Downloads/cgad/cgadimpl_/cgadimpl/Tests/test_inplace.cpp:138: void test_combined_system(): Assertion `ver_after > ver_before' failed.

      Start 10: test_nn
10/31 Test #10: test_nn ..........................   Passed    0.05 sec
      Start 11: test_nodeops
11/31 Test #11: test_nodeops .....................   Passed    0.00 sec
      Start 12: test_vjp_kernels
12/31 Test #12: test_vjp_kernels .................Subprocess aborted***Exception:   1.34 sec

--- Testing End-to-End on CPU ---
]
]
Forward pass successful on CPU.
]
]
]
terminate called after throwing an instance of 'std::runtime_error'
  what():  scalar copy: invalid argument

      Start 13: test_nn_mlp
13/31 Test #13: test_nn_mlp ......................   Passed    0.00 sec
      Start 14: test_graph_cuda
14/31 Test #14: test_graph_cuda ..................***Failed    0.17 sec

--- Testing CUDA Graph Capture (Directly) ---
Caught exception: scalar copy: invalid argument

      Start 15: test_core_ops_gpu
15/31 Test #15: test_core_ops_gpu ................Subprocess aborted***Exception:   1.25 sec
malloc(): unaligned fastbin chunk detected

      Start 16: test_kitchen_sink_mlp
16/31 Test #16: test_kitchen_sink_mlp ............***Failed    0.17 sec

==================================================
--- Manual MLP Training Integration Test ---
==================================================

Caught exception: scalar copy: invalid argument

      Start 17: test_scheme
17/31 Test #17: test_scheme ......................   Passed    0.00 sec
      Start 18: test_phase1_metadata
18/31 Test #18: test_phase1_metadata .............   Passed    0.00 sec
      Start 19: test_phase1_advanced
19/31 Test #19: test_phase1_advanced .............   Passed    0.01 sec
      Start 20: test_dependency_counter
20/31 Test #20: test_dependency_counter ..........   Passed    0.05 sec
      Start 21: test_dependncy_counter2
21/31 Test #21: test_dependncy_counter2 ..........   Passed    2.98 sec
      Start 22: test_dependency_diamond
22/31 Test #22: test_dependency_diamond ..........   Passed    0.00 sec
      Start 23: test_dependency_wide_fanout
23/31 Test #23: test_dependency_wide_fanout ......   Passed    0.01 sec
      Start 24: test_dependency_multi_join
24/31 Test #24: test_dependency_multi_join .......   Passed    0.00 sec
      Start 25: test_dependency_correctness
25/31 Test #25: test_dependency_correctness ......   Passed    0.01 sec
      Start 26: test_dependency_performance
26/31 Test #26: test_dependency_performance ......   Passed   24.70 sec
      Start 27: test_dependency_weight_tying
27/31 Test #27: test_dependency_weight_tying .....   Passed    0.01 sec
      Start 28: test_dependency_deep_branching
28/31 Test #28: test_dependency_deep_branching ...   Passed    0.01 sec
      Start 29: time_estimation
29/31 Test #29: time_estimation ..................   Passed    5.05 sec
      Start 30: test_dag_analysis
30/31 Test #30: test_dag_analysis ................   Passed   16.26 sec
      Start 31: test_warmup
31/31 Test #31: test_warmup ......................   Passed    0.24 sec

81% tests passed, 6 tests failed out of 31

Total Test time (real) = 123.45 sec

The following tests FAILED:
	  8 - test_checkpoint_advanced (SEGFAULT)
	  9 - test_inplace (Subprocess aborted)
	 12 - test_vjp_kernels (Subprocess aborted)
	 14 - test_graph_cuda (Failed)
	 15 - test_core_ops_gpu (Subprocess aborted)
	 16 - test_kitchen_sink_mlp (Failed)
Errors while running CTest
